15. 9. 2022. 22:21:45	This log contains information about the import schema operation into project 'CarRental_DB' on computer 'DESKTOP-RRTOJBO' by user 'wicke'.
15. 9. 2022. 22:21:45	Import of database schema has started.
15. 9. 2022. 22:21:49	Gathering database credentials
15. 9. 2022. 22:21:49	Gathering database options
15. 9. 2022. 22:21:49	Gathering generic database scoped configuration option
15. 9. 2022. 22:21:49	Gathering users
15. 9. 2022. 22:21:49	Gathering roles
15. 9. 2022. 22:21:49	Gathering application roles
15. 9. 2022. 22:21:49	Gathering role memberships
15. 9. 2022. 22:21:49	Gathering filegroups
15. 9. 2022. 22:21:49	Gathering full-text catalogs
15. 9. 2022. 22:21:49	Gathering assemblies
15. 9. 2022. 22:21:49	Gathering certificates
15. 9. 2022. 22:21:49	Gathering asymmetric keys
15. 9. 2022. 22:21:49	Gathering symmetric keys
15. 9. 2022. 22:21:49	Gathering encrypted symmetric keys
15. 9. 2022. 22:21:49	Gathering schemas
15. 9. 2022. 22:21:49	Gathering XML schema collections
15. 9. 2022. 22:21:49	Gathering user-defined data types
15. 9. 2022. 22:21:49	Gathering user-defined types
15. 9. 2022. 22:21:49	Gathering table types
15. 9. 2022. 22:21:49	Gathering unique keys for table types
15. 9. 2022. 22:21:49	Gathering primary keys for table types
15. 9. 2022. 22:21:49	Gathering indexes for table types
15. 9. 2022. 22:21:50	Gathering check constraints for table types
15. 9. 2022. 22:21:50	Gathering default constraints for table types
15. 9. 2022. 22:21:50	Gathering partition functions
15. 9. 2022. 22:21:50	Gathering partition schemes
15. 9. 2022. 22:21:50	Gathering functions
15. 9. 2022. 22:21:50	Gathering encrypted functions
15. 9. 2022. 22:21:50	Gathering aggregates
15. 9. 2022. 22:21:50	Gathering procedures
15. 9. 2022. 22:21:50	Gathering encrypted procedures
15. 9. 2022. 22:21:50	Gathering tables
15. 9. 2022. 22:21:50	Gathering primary keys
15. 9. 2022. 22:21:50	Gathering unique constraints
15. 9. 2022. 22:21:50	Gathering foreign keys
15. 9. 2022. 22:21:50	Gathering default constraints
15. 9. 2022. 22:21:50	Gathering check constraints
15. 9. 2022. 22:21:50	Gathering views
15. 9. 2022. 22:21:50	Gathering encrypted views
15. 9. 2022. 22:21:50	Gathering indexes
15. 9. 2022. 22:21:50	Gathering statistics
15. 9. 2022. 22:21:50	Gathering full-text index stoplists
15. 9. 2022. 22:21:50	Gathering search property lists
15. 9. 2022. 22:21:50	Gathering search properties
15. 9. 2022. 22:21:50	Gathering full-text indexes
15. 9. 2022. 22:21:50	Gathering column store indexes
15. 9. 2022. 22:21:50	Gathering spatial indexes
15. 9. 2022. 22:21:50	Gathering XML indexes
15. 9. 2022. 22:21:50	Gathering Selective XML indexes
15. 9. 2022. 22:21:50	Gathering encrypted triggers
15. 9. 2022. 22:21:50	Gathering triggers
15. 9. 2022. 22:21:50	Gathering encrypted and clr ddl triggers
15. 9. 2022. 22:21:50	Gathering ddl triggers
15. 9. 2022. 22:21:50	Creating edge constraints
15. 9. 2022. 22:21:50	Gathering synonyms
15. 9. 2022. 22:21:50	Gathering defaults
15. 9. 2022. 22:21:50	Gathering data constraint uddt bindings
15. 9. 2022. 22:21:50	Gathering rules
15. 9. 2022. 22:21:50	Gathering data constraint uddt bindings
15. 9. 2022. 22:21:50	Gathering message types
15. 9. 2022. 22:21:50	Gathering queues
15. 9. 2022. 22:21:50	Gathering contracts
15. 9. 2022. 22:21:50	Gathering services
15. 9. 2022. 22:21:50	Gathering event notifications
15. 9. 2022. 22:21:50	Gathering remote service bindings
15. 9. 2022. 22:21:50	Gathering broker priorities
15. 9. 2022. 22:21:50	Gathering signatures
15. 9. 2022. 22:21:50	Gathering data compression options
15. 9. 2022. 22:21:50	Gathering sequence types
15. 9. 2022. 22:21:50	Gathering security policies
15. 9. 2022. 22:21:50	Gather column encryption keys
15. 9. 2022. 22:21:50	Gathering column master keys
15. 9. 2022. 22:21:50	Gathering external data sources
15. 9. 2022. 22:21:50	Gathering external file formats
15. 9. 2022. 22:21:50	Gathering external tables
15. 9. 2022. 22:21:50	Gathering extended properties
15. 9. 2022. 22:21:50	Gathering assemblies
15. 9. 2022. 22:21:50	Gathering credentials
15. 9. 2022. 22:21:50	Gathering logins
15. 9. 2022. 22:21:50	Gathering server audits
15. 9. 2022. 22:21:50	Scanning project for duplicate elements
15. 9. 2022. 22:21:51	Finished duplicate element processing
15. 9. 2022. 22:21:51	Finished importing database.
15. 9. 2022. 22:21:51	A summary of the import was saved to the following location: C:\Users\wicke\Desktop\Infobip task\DB\Infobip_DB\CarRental_DB\CarRental_DB\Import Schema Logs\CarRental_DB_20220915082145.log
15. 9. 2022. 22:21:51	Click Finish to continue...
